Determining if the pthread_create exist failed with the following output:
Change Dir: /home/hanane/TER/projetGithub/Projet_Ter/3DSkeletonization/CMakeFiles/CMakeTmp

Run Build Command:"/usr/bin/make" "cmTC_b0eee/fast"
make[1] : on entre dans le répertoire « /home/hanane/TER/projetGithub/Projet_Ter/3DSkeletonization/CMakeFiles/CMakeTmp »
/usr/bin/make -f CMakeFiles/cmTC_b0eee.dir/build.make CMakeFiles/cmTC_b0eee.dir/build
make[2] : on entre dans le répertoire « /home/hanane/TER/projetGithub/Projet_Ter/3DSkeletonization/CMakeFiles/CMakeTmp »
Building C object CMakeFiles/cmTC_b0eee.dir/CheckSymbolExists.c.o
/usr/bin/cc    -o CMakeFiles/cmTC_b0eee.dir/CheckSymbolExists.c.o   -c /home/hanane/TER/projetGithub/Projet_Ter/3DSkeletonization/CMakeFiles/CMakeTmp/CheckSymbolExists.c
Linking C executable cmTC_b0eee
/usr/bin/cmake -E cmake_link_script CMakeFiles/cmTC_b0eee.dir/link.txt --verbose=1
/usr/bin/cc      CMakeFiles/cmTC_b0eee.dir/CheckSymbolExists.c.o  -o cmTC_b0eee 
CMakeFiles/cmTC_b0eee.dir/CheckSymbolExists.c.o : Dans la fonction « main » :
CheckSymbolExists.c:(.text+0x1b) : référence indéfinie vers « pthread_create »
collect2: error: ld returned 1 exit status
CMakeFiles/cmTC_b0eee.dir/build.make:97: recipe for target 'cmTC_b0eee' failed
make[2]: *** [cmTC_b0eee] Error 1
make[2] : on quitte le répertoire « /home/hanane/TER/projetGithub/Projet_Ter/3DSkeletonization/CMakeFiles/CMakeTmp »
Makefile:126: recipe for target 'cmTC_b0eee/fast' failed
make[1]: *** [cmTC_b0eee/fast] Error 2
make[1] : on quitte le répertoire « /home/hanane/TER/projetGithub/Projet_Ter/3DSkeletonization/CMakeFiles/CMakeTmp »

File /home/hanane/TER/projetGithub/Projet_Ter/3DSkeletonization/CMakeFiles/CMakeTmp/CheckSymbolExists.c:
/* */
#include <pthread.h>

int main(int argc, char** argv)
{
  (void)argv;
#ifndef pthread_create
  return ((int*)(&pthread_create))[argc];
#else
  (void)argc;
  return 0;
#endif
}

Determining if the function pthread_create exists in the pthreads failed with the following output:
Change Dir: /home/hanane/TER/projetGithub/Projet_Ter/3DSkeletonization/CMakeFiles/CMakeTmp

Run Build Command:"/usr/bin/make" "cmTC_c77cd/fast"
make[1] : on entre dans le répertoire « /home/hanane/TER/projetGithub/Projet_Ter/3DSkeletonization/CMakeFiles/CMakeTmp »
/usr/bin/make -f CMakeFiles/cmTC_c77cd.dir/build.make CMakeFiles/cmTC_c77cd.dir/build
make[2] : on entre dans le répertoire « /home/hanane/TER/projetGithub/Projet_Ter/3DSkeletonization/CMakeFiles/CMakeTmp »
Building C object CMakeFiles/cmTC_c77cd.dir/CheckFunctionExists.c.o
/usr/bin/cc   -DCHECK_FUNCTION_EXISTS=pthread_create   -o CMakeFiles/cmTC_c77cd.dir/CheckFunctionExists.c.o   -c /usr/share/cmake-3.10/Modules/CheckFunctionExists.c
Linking C executable cmTC_c77cd
/usr/bin/cmake -E cmake_link_script CMakeFiles/cmTC_c77cd.dir/link.txt --verbose=1
/usr/bin/cc  -DCHECK_FUNCTION_EXISTS=pthread_create    CMakeFiles/cmTC_c77cd.dir/CheckFunctionExists.c.o  -o cmTC_c77cd -lpthreads 
/usr/bin/ld : ne peut trouver -lpthreads
collect2: error: ld returned 1 exit status
CMakeFiles/cmTC_c77cd.dir/build.make:97: recipe for target 'cmTC_c77cd' failed
make[2]: *** [cmTC_c77cd] Error 1
make[2] : on quitte le répertoire « /home/hanane/TER/projetGithub/Projet_Ter/3DSkeletonization/CMakeFiles/CMakeTmp »
Makefile:126: recipe for target 'cmTC_c77cd/fast' failed
make[1]: *** [cmTC_c77cd/fast] Error 2
make[1] : on quitte le répertoire « /home/hanane/TER/projetGithub/Projet_Ter/3DSkeletonization/CMakeFiles/CMakeTmp »


